8 19, 2018 11:15:38 午後 UserLogin CheckUser
最も詳細: INFOメッセージ
8 19, 2018 11:15:38 午後 UserLogin CheckUser
最も詳細: FINESTメッセージ
8 19, 2018 11:15:38 午後 UserLogin CheckUser
詳細: FINERメッセージ
8 19, 2018 11:15:38 午後 UserLogin CheckUser
普通: FINEメッセージ
8 19, 2018 11:15:38 午後 UserLogin CheckUser
構成: CONFIGメッセージ
8 19, 2018 11:15:38 午後 UserLogin CheckUser
情報: INFOメッセージ
8 19, 2018 11:15:38 午後 UserLogin CheckUser
警告: WARNINGメッセージ
8 19, 2018 11:15:38 午後 UserLogin CheckUser
重大: SEVEREメッセージ
8 19, 2018 11:15:38 午後 UserLogin CheckUser
情報: セッションのユーザ名は：null
8 19, 2018 11:15:38 午後 UserLogin CheckUser
情報: セッションなし
8 19, 2018 11:15:39 午後 UserLogin CheckUser
情報: select password from sample.userinfo where username = 'aaa';
8 19, 2018 11:15:39 午後 UserLogin CheckUser
情報: ユーザネーム:aaa
8 19, 2018 11:15:39 午後 UserLogin CheckUser
情報: パスワード:bbb
8 19, 2018 11:15:39 午後 UserLogin CheckUser
情報: 取得パスワード:
8 19, 2018 11:15:39 午後 UserLogin CheckUser
情報: bbbbbbbbbbbbbbbbbbbbbb
8 19, 2018 11:15:54 午後 UserLogin CheckUser
最も詳細: INFOメッセージ
8 19, 2018 11:15:54 午後 UserLogin CheckUser
最も詳細: FINESTメッセージ
8 19, 2018 11:15:54 午後 UserLogin CheckUser
詳細: FINERメッセージ
8 19, 2018 11:15:54 午後 UserLogin CheckUser
普通: FINEメッセージ
8 19, 2018 11:15:54 午後 UserLogin CheckUser
構成: CONFIGメッセージ
8 19, 2018 11:15:54 午後 UserLogin CheckUser
情報: INFOメッセージ
8 19, 2018 11:15:54 午後 UserLogin CheckUser
警告: WARNINGメッセージ
8 19, 2018 11:15:54 午後 UserLogin CheckUser
重大: SEVEREメッセージ
8 19, 2018 11:15:54 午後 UserLogin CheckUser
情報: セッションのユーザ名は：null
8 19, 2018 11:15:54 午後 UserLogin CheckUser
情報: セッションなし
8 19, 2018 11:15:54 午後 UserLogin CheckUser
情報: select password from sample.userinfo where username = 'kami5330';
8 19, 2018 11:15:54 午後 UserLogin CheckUser
情報: ユーザネーム:kami5330
8 19, 2018 11:15:54 午後 UserLogin CheckUser
情報: パスワード:kami5330
8 19, 2018 11:15:54 午後 UserLogin CheckUser
情報: 取得パスワード:kami5330
8 19, 2018 11:15:54 午後 UserLogin CheckUser
情報: aaaaaaaaaaaaaaaaaaaaaa
8 19, 2018 11:16:31 午後 UserLogin CheckUser
最も詳細: INFOメッセージ
8 19, 2018 11:16:31 午後 UserLogin CheckUser
最も詳細: FINESTメッセージ
8 19, 2018 11:16:31 午後 UserLogin CheckUser
詳細: FINERメッセージ
8 19, 2018 11:16:31 午後 UserLogin CheckUser
普通: FINEメッセージ
8 19, 2018 11:16:31 午後 UserLogin CheckUser
構成: CONFIGメッセージ
8 19, 2018 11:16:31 午後 UserLogin CheckUser
情報: INFOメッセージ
8 19, 2018 11:16:31 午後 UserLogin CheckUser
警告: WARNINGメッセージ
8 19, 2018 11:16:31 午後 UserLogin CheckUser
重大: SEVEREメッセージ
8 19, 2018 11:16:31 午後 UserLogin CheckUser
情報: セッションのユーザ名は：kami5330
8 19, 2018 11:16:31 午後 UserLogin CheckUser
情報: セッションあり
8 19, 2018 11:28:28 午後 UserLogin CheckUser
最も詳細: INFOメッセージ
8 19, 2018 11:28:28 午後 UserLogin CheckUser
最も詳細: FINESTメッセージ
8 19, 2018 11:28:28 午後 UserLogin CheckUser
詳細: FINERメッセージ
8 19, 2018 11:28:28 午後 UserLogin CheckUser
普通: FINEメッセージ
8 19, 2018 11:28:28 午後 UserLogin CheckUser
構成: CONFIGメッセージ
8 19, 2018 11:28:28 午後 UserLogin CheckUser
情報: INFOメッセージ
8 19, 2018 11:28:28 午後 UserLogin CheckUser
警告: WARNINGメッセージ
8 19, 2018 11:28:28 午後 UserLogin CheckUser
重大: SEVEREメッセージ
8 19, 2018 11:28:28 午後 UserLogin CheckUser
情報: セッションのユーザ名は：kami5330
8 19, 2018 11:28:28 午後 UserLogin CheckUser
情報: セッションあり
